[PREINITIALIZATION][CLIENT][INFO] Thank you to the Patreon supporters below and others who make CraftTweaker possible!
SquidDev
Fbigummy
Ncc1702
Brønsted
Jessie Sims
Hooley
DreamThorn
NickT
Luvely
Pongo Sapiens
Zuniroa
Quaternary
Belathus
Peregrinus11
AdaraChristine
Spencer Gilbert
Phillip Swearingain
WaterMoon
Genryu
NerdyWhiteGuy
If you want to support the mod, checkout https://patreon.com/jaredlll08?s=crtmod

[PREINITIALIZATION][CLIENT][INFO] Current loaders after merging: [[preinit]]
[PREINITIALIZATION][CLIENT][INFO] Loading scripts for loader with names [preinit]
[PREINITIALIZATION][CLIENT][INFO] [preinit | SIDE_CLIENT]: Skipping file {[0:crafttweaker]: DankNull.zs} as we are currently loading with a different loader
[PREINITIALIZATION][CLIENT][INFO] [preinit | SIDE_CLIENT]: Skipping file {[0:crafttweaker]: Dishwasher.zs} as we are currently loading with a different loader
[PREINITIALIZATION][CLIENT][INFO] [preinit | SIDE_CLIENT]: Skipping file {[0:crafttweaker]: ImmersiveEngineering.zs} as we are currently loading with a different loader
[PREINITIALIZATION][CLIENT][INFO] [preinit | SIDE_CLIENT]: Skipping file {[0:crafttweaker]: IntegratedDynamics.zs} as we are currently loading with a different loader
[PREINITIALIZATION][CLIENT][INFO] [preinit | SIDE_CLIENT]: Skipping file {[0:crafttweaker]: IronChest.zs} as we are currently loading with a different loader
[PREINITIALIZATION][CLIENT][INFO] [preinit | SIDE_CLIENT]: Skipping file {[0:crafttweaker]: LootTables.zs} as we are currently loading with a different loader
[PREINITIALIZATION][CLIENT][INFO] [preinit | SIDE_CLIENT]: Skipping file {[0:crafttweaker]: MineTweakerRecipeMaker.zs} as we are currently loading with a different loader
[PREINITIALIZATION][CLIENT][INFO] [preinit | SIDE_CLIENT]: Skipping file {[0:crafttweaker]: PneumaticCraft.zs} as we are currently loading with a different loader
[PREINITIALIZATION][CLIENT][INFO] [preinit | SIDE_CLIENT]: Skipping file {[0:crafttweaker]: recipes.zs} as we are currently loading with a different loader
[PREINITIALIZATION][CLIENT][INFO] [preinit | SIDE_CLIENT]: Skipping file {[0:crafttweaker]: Tinkers.zs} as we are currently loading with a different loader
[PREINITIALIZATION][CLIENT][INFO] [preinit | SIDE_CLIENT]: Skipping file {[0:crafttweaker]: VillagerTrades.zs} as we are currently loading with a different loader
[PREINITIALIZATION][CLIENT][INFO] Completed script loading in: 3ms
[INITIALIZATION][CLIENT][INFO] CraftTweaker: Building registry
[INITIALIZATION][CLIENT][INFO] CraftTweaker: Successfully built item registry
[INITIALIZATION][CLIENT][INFO] Current loaders after merging: [[preinit], [recipeevent | crafttweaker]]
[INITIALIZATION][CLIENT][INFO] Loading scripts for loader with names [crafttweaker | recipeevent]
[INITIALIZATION][CLIENT][INFO] [crafttweaker | SIDE_CLIENT]: Loading Script: {[0:crafttweaker]: DankNull.zs}
[INITIALIZATION][CLIENT][INFO] [crafttweaker | SIDE_CLIENT]: Loading Script: {[0:crafttweaker]: Dishwasher.zs}
[INITIALIZATION][CLIENT][INFO] [crafttweaker | SIDE_CLIENT]: Loading Script: {[0:crafttweaker]: ImmersiveEngineering.zs}
[INITIALIZATION][CLIENT][ERROR] ImmersiveEngineering.zs:21: Could not resolve <drugsandpills : energypill>
[INITIALIZATION][CLIENT][ERROR] ImmersiveEngineering.zs:22: Could not resolve <drugsandpills : hastepill>
[INITIALIZATION][CLIENT][ERROR] ImmersiveEngineering.zs:23: Could not resolve <drugsandpills : nightvisionpill>
[INITIALIZATION][CLIENT][ERROR] ImmersiveEngineering.zs:24: Could not resolve <drugsandpills : regenerationpill>
[INITIALIZATION][CLIENT][ERROR] ImmersiveEngineering.zs:25: Could not resolve <drugsandpills : strengthpill>
[INITIALIZATION][CLIENT][ERROR] ImmersiveEngineering.zs:26: Could not resolve <drugsandpills : resistancepill>
[INITIALIZATION][CLIENT][ERROR] ImmersiveEngineering.zs:28: Could not resolve <drugsandpills : yeast>
[INITIALIZATION][CLIENT][INFO] Removing Thermoelectric temperature value for Block of Copper
[INITIALIZATION][CLIENT][INFO] Adding Thermoelectric temperature value for Blue Ice
[INITIALIZATION][CLIENT][INFO] Adding Thermoelectric temperature value for Block of Copper
[INITIALIZATION][CLIENT][INFO] Adding Refinery Recipe for Fuelium
[INITIALIZATION][CLIENT][INFO] Adding Fermenter Recipe for Fluid Ethanol and Item null
[INITIALIZATION][CLIENT][INFO] [crafttweaker | SIDE_CLIENT]: Loading Script: {[0:crafttweaker]: IntegratedDynamics.zs}
[INITIALIZATION][CLIENT][INFO] [crafttweaker | SIDE_CLIENT]: Loading Script: {[0:crafttweaker]: IronChest.zs}
[INITIALIZATION][CLIENT][INFO] [crafttweaker | SIDE_CLIENT]: Loading Script: {[0:crafttweaker]: LootTables.zs}
[INITIALIZATION][CLIENT][INFO] Queued pool endchests for addition to table minecraft:chests/end_city_treasure
[INITIALIZATION][CLIENT][INFO] Queued pool citychests for addition to table lostcities:chests/lostcitychest
[INITIALIZATION][CLIENT][INFO] Queued item entry 'loottweaker#1' for addition to pool 'endchests' of table 'minecraft:chests/end_city_treasure'
[INITIALIZATION][CLIENT][INFO] Queued item entry 'loottweaker#2' for addition to pool 'endchests' of table 'minecraft:chests/end_city_treasure'
[INITIALIZATION][CLIENT][INFO] Queued item entry 'loottweaker#3' for addition to pool 'endchests' of table 'minecraft:chests/end_city_treasure'
[INITIALIZATION][CLIENT][INFO] Queued item entry 'loottweaker#4' for addition to pool 'endchests' of table 'minecraft:chests/end_city_treasure'
[INITIALIZATION][CLIENT][INFO] Queued item entry 'loottweaker#5' for addition to pool 'endchests' of table 'minecraft:chests/end_city_treasure'
[INITIALIZATION][CLIENT][INFO] Queued item entry 'loottweaker#6' for addition to pool 'endchests' of table 'minecraft:chests/end_city_treasure'
[INITIALIZATION][CLIENT][INFO] Queued item entry 'loottweaker#7' for addition to pool 'endchests' of table 'minecraft:chests/end_city_treasure'
[INITIALIZATION][CLIENT][INFO] Queued item entry 'loottweaker#8' for addition to pool 'endchests' of table 'minecraft:chests/end_city_treasure'
[INITIALIZATION][CLIENT][INFO] Queued item entry 'loottweaker#9' for addition to pool 'endchests' of table 'minecraft:chests/end_city_treasure'
[INITIALIZATION][CLIENT][INFO] Queued item entry 'loottweaker#10' for addition to pool 'endchests' of table 'minecraft:chests/end_city_treasure'
[INITIALIZATION][CLIENT][INFO] Queued item entry 'loottweaker#11' for addition to pool 'endchests' of table 'minecraft:chests/end_city_treasure'
[INITIALIZATION][CLIENT][INFO] Queued item entry 'loottweaker#12' for addition to pool 'endchests' of table 'minecraft:chests/end_city_treasure'
[INITIALIZATION][CLIENT][INFO] Queued item entry 'loottweaker#13' for addition to pool 'endchests' of table 'minecraft:chests/end_city_treasure'
[INITIALIZATION][CLIENT][INFO] Queued item entry 'loottweaker#14' for addition to pool 'endchests' of table 'minecraft:chests/end_city_treasure'
[INITIALIZATION][CLIENT][INFO] Queued item entry 'loottweaker#15' for addition to pool 'endchests' of table 'minecraft:chests/end_city_treasure'
[INITIALIZATION][CLIENT][INFO] Queued item entry 'loottweaker#16' for addition to pool 'endchests' of table 'minecraft:chests/end_city_treasure'
[INITIALIZATION][CLIENT][INFO] Queued item entry 'loottweaker#17' for addition to pool 'endchests' of table 'minecraft:chests/end_city_treasure'
[INITIALIZATION][CLIENT][INFO] Queued item entry 'loottweaker#1' for addition to pool 'citychests' of table 'lostcities:chests/lostcitychest'
[INITIALIZATION][CLIENT][INFO] Queued item entry 'loottweaker#2' for addition to pool 'citychests' of table 'lostcities:chests/lostcitychest'
[INITIALIZATION][CLIENT][INFO] Queued item entry 'loottweaker#3' for addition to pool 'citychests' of table 'lostcities:chests/lostcitychest'
[INITIALIZATION][CLIENT][INFO] [crafttweaker | SIDE_CLIENT]: Loading Script: {[0:crafttweaker]: MineTweakerRecipeMaker.zs}
[INITIALIZATION][CLIENT][INFO] [crafttweaker | SIDE_CLIENT]: Loading Script: {[0:crafttweaker]: PneumaticCraft.zs}
[INITIALIZATION][CLIENT][ERROR] PneumaticCraft.zs:1: Could not resolve <drugsandpills : lsd>
[INITIALIZATION][CLIENT][INFO] [crafttweaker | SIDE_CLIENT]: Loading Script: {[0:crafttweaker]: recipes.zs}
[INITIALIZATION][CLIENT][ERROR] recipes.zs:4: Could not resolve <drugsandpills : lsd>
[INITIALIZATION][CLIENT][ERROR] recipes.zs:5: Could not resolve <drugsandpills : yeast>
[INITIALIZATION][CLIENT][ERROR] Cannot remove recipes for a null item!
[INITIALIZATION][CLIENT][ERROR] Cannot remove recipes for a null item!
[INITIALIZATION][CLIENT][INFO] [crafttweaker | SIDE_CLIENT]: Loading Script: {[0:crafttweaker]: Tinkers.zs}
[INITIALIZATION][CLIENT][INFO] [crafttweaker | SIDE_CLIENT]: Loading Script: {[0:crafttweaker]: VillagerTrades.zs}
[INITIALIZATION][CLIENT][ERROR] [crafttweaker]: Error executing {[0:crafttweaker]: VillagerTrades.zs}: null
java.lang.IllegalArgumentException
	at com.google.common.base.Preconditions.checkArgument(Preconditions.java:108)
	at rocks.gameonthe.rockytweaks.crafttweaker.merchant.MerchantTradeHandler.addTrade(MerchantTradeHandler.java:27)
	at rocks.gameonthe.rockytweaks.crafttweaker.merchant.MerchantTradeHandler.addTrade(MerchantTradeHandler.java:41)
	at VillagerTrades.__script__(VillagerTrades.zs:3)
	at __ZenMain__.run(VillagerTrades)
	at crafttweaker.runtime.CrTTweaker.loadScript(CrTTweaker.java:228)
	at crafttweaker.runtime.CrTTweaker.loadScript(CrTTweaker.java:105)
	at crafttweaker.mc1120.events.CommonEventHandler.registerRecipes(CommonEventHandler.java:73)
	at net.minecraftforge.fml.common.eventhandler.ASMEventHandler_1235_CommonEventHandler_registerRecipes_Register.invoke(.dynamic)
	at net.minecraftforge.fml.common.eventhandler.ASMEventHandler.invoke(ASMEventHandler.java:90)
	at net.minecraftforge.fml.common.eventhandler.EventBus$1.invoke(EventBus.java:144)
	at com.github.terminatornl.laggoggles.tickcentral.EventBusTransformer.redirectEvent(EventBusTransformer.java:67)
	at net.minecraftforge.fml.common.eventhandler.EventBus.post(EventBus.java:182)
	at net.minecraftforge.registries.GameData.fireRegistryEvents(GameData.java:857)
	at net.minecraftforge.common.crafting.CraftingHelper.loadRecipes(CraftingHelper.java:636)
	at net.minecraftforge.fml.common.Loader.initializeMods(Loader.java:747)
	at net.minecraftforge.fml.client.FMLClientHandler.finishMinecraftLoading(FMLClientHandler.java:336)
	at net.minecraft.client.Minecraft.func_71384_a(Minecraft.java:535)
	at net.minecraft.client.Minecraft.func_99999_d(Minecraft.java:3931)
	at net.minecraft.client.main.Main.main(SourceFile:123)
	at sun.reflect.NativeMethodAccessorImpl.invoke0(Native Method)
	at sun.reflect.NativeMethodAccessorImpl.invoke(NativeMethodAccessorImpl.java:62)
	at sun.reflect.DelegatingMethodAccessorImpl.invoke(DelegatingMethodAccessorImpl.java:43)
	at java.lang.reflect.Method.invoke(Method.java:498)
	at net.minecraft.launchwrapper.Launch.launch(Launch.java:135)
	at net.minecraft.launchwrapper.Launch.main(Launch.java:28)
[INITIALIZATION][CLIENT][INFO] Completed script loading in: 904ms
[POSTINITIALIZATION][CLIENT][INFO] Removing recipes for various outputs
[POSTINITIALIZATION][CLIENT][INFO] Removing all recipes matching this regex: "danknull:.*_panel.*[1-5]"
[POSTINITIALIZATION][CLIENT][INFO] Removing all recipes matching this regex: "drugsandpills:.*pill.*"
[POSTINITIALIZATION][CLIENT][INFO] Removing Shaped recipes for <integrateddynamics:part_connector_omni_directional_item>
[POSTINITIALIZATION][CLIENT][INFO] 2 removed
[POSTINITIALIZATION][CLIENT][INFO] Removing all recipes matching this regex: "ironchest:shulker.*"
[POSTINITIALIZATION][CLIENT][INFO] Adding shaped recipe for Stick with name ct_shaped649496343
[POSTINITIALIZATION][CLIENT][INFO] Adding shaped recipe for Diamond Chest with name ct_shaped1292608684
[POSTINITIALIZATION][CLIENT][INFO] Adding shaped recipe for Gold Chest with name ct_shaped-338199328
[POSTINITIALIZATION][CLIENT][INFO] Adding shaped recipe for Iron Chest with name ct_shaped1483049146
[POSTINITIALIZATION][CLIENT][INFO] Applying MrCrayfish's Furniture Mod changes...
[POSTINITIALIZATION][CLIENT][INFO] Add item input-item=tetra:duplex_tool_modular,input-amount=1,input-metadata=0 to Dishwasher
[POSTINITIALIZATION][CLIENT][INFO] Dishwasher: Added item input-item=tetra:duplex_tool_modular,input-amount=1,input-metadata=0
[POSTINITIALIZATION][CLIENT][INFO] Add item input-item=immersiveengineering:tool,input-amount=1,input-metadata=0 to Dishwasher
[POSTINITIALIZATION][CLIENT][INFO] Dishwasher: Added item input-item=immersiveengineering:tool,input-amount=1,input-metadata=0
[POSTINITIALIZATION][CLIENT][INFO] Adding 1 PneumaticCraft Pressure Chamber recipe(s)
[POSTINITIALIZATION][CLIENT][INFO] Adding 1 PneumaticCraft Pressure Chamber recipe(s)
[POSTINITIALIZATION][CLIENT][INFO] Adding 1 PneumaticCraft Pressure Chamber recipe(s)
[AVAILABLE][CLIENT][INFO] Added new pool citychests to table lostcities:chests/lostcitychest
[AVAILABLE][CLIENT][INFO] Added new pool endchests to table minecraft:chests/end_city_treasure
[AVAILABLE][CLIENT][INFO] Hiding item in JEI: <tconstruct:slimesling>
[AVAILABLE][CLIENT][INFO] Hiding item in JEI: <tconstruct:slime_boots>
[AVAILABLE][CLIENT][INFO] Fixed the RecipeBook
